# JRE version: OpenJDK Runtime Environment Temurin-17.0.13+11 (17.0.13+11) (build 17.0.13+11)
# Java VM: OpenJDK 64-Bit Server VM Temurin-17.0.13+11 (17.0.13+11, mixed mode, tiered, compressed oops, compressed class ptrs, parallel gc, windows-amd64)
GC Precious Log:
 CPUs: 12 total, 12 available
 Memory: 16267M
 Large Page Support: Disabled
 NUMA Support: Disabled
 Compressed Oops: Enabled (32-bit)
 Alignments: Space 512K, Generation 512K, Heap 2M
 Heap Min Capacity: 100M
 Heap Initial Capacity: 100M
 Heap Max Capacity: 1G
 Pre-touch: Disabled
 Parallel Workers: 10
Heap:
 PSYoungGen      total 9216K, used 3651K [0x00000000eab00000, 0x00000000ebe00000, 0x0000000100000000)
  eden space 6144K, 13% used [0x00000000eab00000,0x00000000eabcf0d8,0x00000000eb100000)
  from space 3072K, 91% used [0x00000000eb100000,0x00000000eb3c1e30,0x00000000eb400000)
  to   space 6144K, 0% used [0x00000000eb800000,0x00000000eb800000,0x00000000ebe00000)
 ParOldGen       total 699392K, used 294716K [0x00000000c0000000, 0x00000000eab00000, 0x00000000eab00000)
  object space 699392K, 42% used [0x00000000c0000000,0x00000000d1fcf090,0x00000000eab00000)
 Metaspace       used 66996K, committed 68160K, reserved 1114112K
  class space    used 7055K, committed 7552K, reserved 1048576K
GC Heap History (20 events):
Event: 33.021 GC heap after
{Heap after GC invocations=174 (full 10):
 PSYoungGen      total 13312K, used 2551K [0x00000000eab00000, 0x00000000ebb00000, 0x0000000100000000)
  eden space 10752K, 0% used [0x00000000eab00000,0x00000000eab00000,0x00000000eb580000)
  from space 2560K, 99% used [0x00000000eb880000,0x00000000ebafdcf0,0x00000000ebb00000)
  to   space 3072K, 0% used [0x00000000eb580000,0x00000000eb580000,0x00000000eb880000)
 ParOldGen       total 699392K, used 256642K [0x00000000c0000000, 0x00000000eab00000, 0x00000000eab00000)
  object space 699392K, 36% used [0x00000000c0000000,0x00000000cfaa08e0,0x00000000eab00000)
 Metaspace       used 65376K, committed 66432K, reserved 1114112K
  class space    used 6919K, committed 7360K, reserved 1048576K
}
Event: 33.047 GC heap before
{Heap before GC invocations=175 (full 10):
 PSYoungGen      total 13312K, used 13303K [0x00000000eab00000, 0x00000000ebb00000, 0x0000000100000000)
  eden space 10752K, 100% used [0x00000000eab00000,0x00000000eb580000,0x00000000eb580000)
  from space 2560K, 99% used [0x00000000eb880000,0x00000000ebafdcf0,0x00000000ebb00000)
  to   space 3072K, 0% used [0x00000000eb580000,0x00000000eb580000,0x00000000eb880000)
 ParOldGen       total 699392K, used 256642K [0x00000000c0000000, 0x00000000eab00000, 0x00000000eab00000)
  object space 699392K, 36% used [0x00000000c0000000,0x00000000cfaa08e0,0x00000000eab00000)
 Metaspace       used 65424K, committed 66560K, reserved 1114112K
  class space    used 6925K, committed 7424K, reserved 1048576K
}
Event: 33.051 GC heap after
{Heap after GC invocations=175 (full 10):
 PSYoungGen      total 13824K, used 3047K [0x00000000eab00000, 0x00000000ec400000, 0x0000000100000000)
  eden space 10752K, 0% used [0x00000000eab00000,0x00000000eab00000,0x00000000eb580000)
  from space 3072K, 99% used [0x00000000eb580000,0x00000000eb879d08,0x00000000eb880000)
  to   space 6656K, 0% used [0x00000000ebd80000,0x00000000ebd80000,0x00000000ec400000)
 ParOldGen       total 699392K, used 259467K [0x00000000c0000000, 0x00000000eab00000, 0x00000000eab00000)
  object space 699392K, 37% used [0x00000000c0000000,0x00000000cfd62d38,0x00000000eab00000)
 Metaspace       used 65424K, committed 66560K, reserved 1114112K
  class space    used 6925K, committed 7424K, reserved 1048576K
}
Event: 33.079 GC heap before
{Heap before GC invocations=176 (full 10):
 PSYoungGen      total 13824K, used 13799K [0x00000000eab00000, 0x00000000ec400000, 0x0000000100000000)
  eden space 10752K, 100% used [0x00000000eab00000,0x00000000eb580000,0x00000000eb580000)
  from space 3072K, 99% used [0x00000000eb580000,0x00000000eb879d08,0x00000000eb880000)
  to   space 6656K, 0% used [0x00000000ebd80000,0x00000000ebd80000,0x00000000ec400000)
 ParOldGen       total 699392K, used 259467K [0x00000000c0000000, 0x00000000eab00000, 0x00000000eab00000)
  object space 699392K, 37% used [0x00000000c0000000,0x00000000cfd62d38,0x00000000eab00000)
 Metaspace       used 65444K, committed 66624K, reserved 1114112K
  class space    used 6925K, committed 7424K, reserved 1048576K
}
Event: 33.083 GC heap after
{Heap after GC invocations=176 (full 10):
 PSYoungGen      total 15872K, used 3429K [0x00000000eab00000, 0x00000000ec100000, 0x0000000100000000)
  eden space 12288K, 0% used [0x00000000eab00000,0x00000000eab00000,0x00000000eb700000)
  from space 3584K, 95% used [0x00000000ebd80000,0x00000000ec0d9448,0x00000000ec100000)
  to   space 4608K, 0% used [0x00000000eb800000,0x00000000eb800000,0x00000000ebc80000)
 ParOldGen       total 699392K, used 262330K [0x00000000c0000000, 0x00000000eab00000, 0x00000000eab00000)
  object space 699392K, 37% used [0x00000000c0000000,0x00000000d002e800,0x00000000eab00000)
 Metaspace       used 65444K, committed 66624K, reserved 1114112K
  class space    used 6925K, committed 7424K, reserved 1048576K
}
Event: 33.103 GC heap before
{Heap before GC invocations=177 (full 10):
 PSYoungGen      total 15872K, used 15717K [0x00000000eab00000, 0x00000000ec100000, 0x0000000100000000)
  eden space 12288K, 100% used [0x00000000eab00000,0x00000000eb700000,0x00000000eb700000)
  from space 3584K, 95% used [0x00000000ebd80000,0x00000000ec0d9448,0x00000000ec100000)
  to   space 4608K, 0% used [0x00000000eb800000,0x00000000eb800000,0x00000000ebc80000)
 ParOldGen       total 699392K, used 262330K [0x00000000c0000000, 0x00000000eab00000, 0x00000000eab00000)
  object space 699392K, 37% used [0x00000000c0000000,0x00000000d002e800,0x00000000eab00000)
 Metaspace       used 65456K, committed 66624K, reserved 1114112K
  class space    used 6925K, committed 7424K, reserved 1048576K
}
Event: 33.108 GC heap after
{Heap after GC invocations=177 (full 10):
 PSYoungGen      total 17920K, used 4313K [0x00000000eab00000, 0x00000000ec180000, 0x0000000100000000)
  eden space 13312K, 0% used [0x00000000eab00000,0x00000000eab00000,0x00000000eb800000)
  from space 4608K, 93% used [0x00000000eb800000,0x00000000ebc364b8,0x00000000ebc80000)
  to   space 4608K, 0% used [0x00000000ebd00000,0x00000000ebd00000,0x00000000ec180000)
 ParOldGen       total 699392K, used 265475K [0x00000000c0000000, 0x00000000eab00000, 0x00000000eab00000)
  object space 699392K, 37% used [0x00000000c0000000,0x00000000d0340f98,0x00000000eab00000)
 Metaspace       used 65456K, committed 66624K, reserved 1114112K
  class space    used 6925K, committed 7424K, reserved 1048576K
}
Event: 33.142 GC heap before
{Heap before GC invocations=178 (full 10):
 PSYoungGen      total 17920K, used 17625K [0x00000000eab00000, 0x00000000ec180000, 0x0000000100000000)
  eden space 13312K, 100% used [0x00000000eab00000,0x00000000eb800000,0x00000000eb800000)
  from space 4608K, 93% used [0x00000000eb800000,0x00000000ebc364b8,0x00000000ebc80000)
  to   space 4608K, 0% used [0x00000000ebd00000,0x00000000ebd00000,0x00000000ec180000)
 ParOldGen       total 699392K, used 265475K [0x00000000c0000000, 0x00000000eab00000, 0x00000000eab00000)
  object space 699392K, 37% used [0x00000000c0000000,0x00000000d0340f98,0x00000000eab00000)
 Metaspace       used 65490K, committed 66688K, reserved 1114112K
  class space    used 6928K, committed 7424K, reserved 1048576K
}
Event: 33.148 GC heap after
{Heap after GC invocations=178 (full 10):
 PSYoungGen      total 12288K, used 4592K [0x00000000eab00000, 0x00000000ecf00000, 0x0000000100000000)
  eden space 7680K, 0% used [0x00000000eab00000,0x00000000eab00000,0x00000000eb280000)
  from space 4608K, 99% used [0x00000000ebd00000,0x00000000ec17c130,0x00000000ec180000)
  to   space 10752K, 0% used [0x00000000eb280000,0x00000000eb280000,0x00000000ebd00000)
 ParOldGen       total 699392K, used 270396K [0x00000000c0000000, 0x00000000eab00000, 0x00000000eab00000)
  object space 699392K, 38% used [0x00000000c0000000,0x00000000d080f3f0,0x00000000eab00000)
 Metaspace       used 65490K, committed 66688K, reserved 1114112K
  class space    used 6928K, committed 7424K, reserved 1048576K
}
Event: 33.187 GC heap before
{Heap before GC invocations=179 (full 10):
 PSYoungGen      total 12288K, used 12272K [0x00000000eab00000, 0x00000000ecf00000, 0x0000000100000000)
  eden space 7680K, 100% used [0x00000000eab00000,0x00000000eb280000,0x00000000eb280000)
  from space 4608K, 99% used [0x00000000ebd00000,0x00000000ec17c130,0x00000000ec180000)
  to   space 10752K, 0% used [0x00000000eb280000,0x00000000eb280000,0x00000000ebd00000)
 ParOldGen       total 699392K, used 270396K [0x00000000c0000000, 0x00000000eab00000, 0x00000000eab00000)
  object space 699392K, 38% used [0x00000000c0000000,0x00000000d080f3f0,0x00000000eab00000)
 Metaspace       used 65536K, committed 66752K, reserved 1114112K
  class space    used 6935K, committed 7488K, reserved 1048576K
}
Event: 33.193 GC heap after
{Heap after GC invocations=179 (full 10):
 PSYoungGen      total 10752K, used 2858K [0x00000000eab00000, 0x00000000ebe80000, 0x0000000100000000)
  eden space 7680K, 0% used [0x00000000eab00000,0x00000000eab00000,0x00000000eb280000)
  from space 3072K, 93% used [0x00000000eb280000,0x00000000eb54a9a8,0x00000000eb580000)
  to   space 5632K, 0% used [0x00000000eb900000,0x00000000eb900000,0x00000000ebe80000)
 ParOldGen       total 699392K, used 274951K [0x00000000c0000000, 0x00000000eab00000, 0x00000000eab00000)
  object space 699392K, 39% used [0x00000000c0000000,0x00000000d0c81d00,0x00000000eab00000)
 Metaspace       used 65536K, committed 66752K, reserved 1114112K
  class space    used 6935K, committed 7488K, reserved 1048576K
}
Event: 33.363 GC heap before
{Heap before GC invocations=180 (full 10):
 PSYoungGen      total 10752K, used 10538K [0x00000000eab00000, 0x00000000ebe80000, 0x0000000100000000)
  eden space 7680K, 100% used [0x00000000eab00000,0x00000000eb280000,0x00000000eb280000)
  from space 3072K, 93% used [0x00000000eb280000,0x00000000eb54a9a8,0x00000000eb580000)
  to   space 5632K, 0% used [0x00000000eb900000,0x00000000eb900000,0x00000000ebe80000)
 ParOldGen       total 699392K, used 274951K [0x00000000c0000000, 0x00000000eab00000, 0x00000000eab00000)
  object space 699392K, 39% used [0x00000000c0000000,0x00000000d0c81d00,0x00000000eab00000)
 Metaspace       used 65750K, committed 66944K, reserved 1114112K
  class space    used 6963K, committed 7488K, reserved 1048576K
}
Event: 33.367 GC heap after
{Heap after GC invocations=180 (full 10):
 PSYoungGen      total 11776K, used 2691K [0x00000000eab00000, 0x00000000ebc00000, 0x0000000100000000)
  eden space 8704K, 0% used [0x00000000eab00000,0x00000000eab00000,0x00000000eb380000)
  from space 3072K, 87% used [0x00000000eb900000,0x00000000ebba0ea0,0x00000000ebc00000)
  to   space 3584K, 0% used [0x00000000eb500000,0x00000000eb500000,0x00000000eb880000)
 ParOldGen       total 699392K, used 277626K [0x00000000c0000000, 0x00000000eab00000, 0x00000000eab00000)
  object space 699392K, 39% used [0x00000000c0000000,0x00000000d0f1ea80,0x00000000eab00000)
 Metaspace       used 65750K, committed 66944K, reserved 1114112K
  class space    used 6963K, committed 7488K, reserved 1048576K
}
Event: 33.667 GC heap before
{Heap before GC invocations=181 (full 10):
 PSYoungGen      total 11776K, used 11395K [0x00000000eab00000, 0x00000000ebc00000, 0x0000000100000000)
  eden space 8704K, 100% used [0x00000000eab00000,0x00000000eb380000,0x00000000eb380000)
  from space 3072K, 87% used [0x00000000eb900000,0x00000000ebba0ea0,0x00000000ebc00000)
  to   space 3584K, 0% used [0x00000000eb500000,0x00000000eb500000,0x00000000eb880000)
 ParOldGen       total 699392K, used 277626K [0x00000000c0000000, 0x00000000eab00000, 0x00000000eab00000)
  object space 699392K, 39% used [0x00000000c0000000,0x00000000d0f1ea80,0x00000000eab00000)
 Metaspace       used 66008K, committed 67136K, reserved 1114112K
  class space    used 6977K, committed 7488K, reserved 1048576K
}
Event: 33.669 GC heap after
{Heap after GC invocations=181 (full 10):
 PSYoungGen      total 13312K, used 3510K [0x00000000eab00000, 0x00000000ebc80000, 0x0000000100000000)
  eden space 9728K, 0% used [0x00000000eab00000,0x00000000eab00000,0x00000000eb480000)
  from space 3584K, 97% used [0x00000000eb500000,0x00000000eb86da40,0x00000000eb880000)
  to   space 4096K, 0% used [0x00000000eb880000,0x00000000eb880000,0x00000000ebc80000)
 ParOldGen       total 699392K, used 277626K [0x00000000c0000000, 0x00000000eab00000, 0x00000000eab00000)
  object space 699392K, 39% used [0x00000000c0000000,0x00000000d0f1ea80,0x00000000eab00000)
 Metaspace       used 66008K, committed 67136K, reserved 1114112K
  class space    used 6977K, committed 7488K, reserved 1048576K
}
Event: 33.741 GC heap before
{Heap before GC invocations=182 (full 10):
 PSYoungGen      total 13312K, used 13238K [0x00000000eab00000, 0x00000000ebc80000, 0x0000000100000000)
  eden space 9728K, 99% used [0x00000000eab00000,0x00000000eb47ffe0,0x00000000eb480000)
  from space 3584K, 97% used [0x00000000eb500000,0x00000000eb86da40,0x00000000eb880000)
  to   space 4096K, 0% used [0x00000000eb880000,0x00000000eb880000,0x00000000ebc80000)
 ParOldGen       total 699392K, used 277626K [0x00000000c0000000, 0x00000000eab00000, 0x00000000eab00000)
  object space 699392K, 39% used [0x00000000c0000000,0x00000000d0f1ea80,0x00000000eab00000)
 Metaspace       used 66375K, committed 67584K, reserved 1114112K
  class space    used 7002K, committed 7552K, reserved 1048576K
}
Event: 35.765 GC heap after
{Heap after GC invocations=182 (full 10):
 PSYoungGen      total 13824K, used 4094K [0x00000000eab00000, 0x00000000ebc80000, 0x0000000100000000)
  eden space 9728K, 0% used [0x00000000eab00000,0x00000000eab00000,0x00000000eb480000)
  from space 4096K, 99% used [0x00000000eb880000,0x00000000ebc7f808,0x00000000ebc80000)
  to   space 3584K, 0% used [0x00000000eb500000,0x00000000eb500000,0x00000000eb880000)
 ParOldGen       total 699392K, used 280104K [0x00000000c0000000, 0x00000000eab00000, 0x00000000eab00000)
  object space 699392K, 40% used [0x00000000c0000000,0x00000000d118a370,0x00000000eab00000)
 Metaspace       used 66375K, committed 67584K, reserved 1114112K
  class space    used 7002K, committed 7552K, reserved 1048576K
}
Event: 35.837 GC heap before
{Heap before GC invocations=183 (full 10):
 PSYoungGen      total 13824K, used 13822K [0x00000000eab00000, 0x00000000ebc80000, 0x0000000100000000)
  eden space 9728K, 100% used [0x00000000eab00000,0x00000000eb480000,0x00000000eb480000)
  from space 4096K, 99% used [0x00000000eb880000,0x00000000ebc7f808,0x00000000ebc80000)
  to   space 3584K, 0% used [0x00000000eb500000,0x00000000eb500000,0x00000000eb880000)
 ParOldGen       total 699392K, used 280104K [0x00000000c0000000, 0x00000000eab00000, 0x00000000eab00000)
  object space 699392K, 40% used [0x00000000c0000000,0x00000000d118a370,0x00000000eab00000)
 Metaspace       used 66823K, committed 67968K, reserved 1114112K
  class space    used 7048K, committed 7552K, reserved 1048576K
}
Event: 35.841 GC heap after
{Heap after GC invocations=183 (full 10):
 PSYoungGen      total 13312K, used 3583K [0x00000000eab00000, 0x00000000ec480000, 0x0000000100000000)
  eden space 9728K, 0% used [0x00000000eab00000,0x00000000eab00000,0x00000000eb480000)
  from space 3584K, 99% used [0x00000000eb500000,0x00000000eb87ff70,0x00000000eb880000)
  to   space 8192K, 0% used [0x00000000ebc80000,0x00000000ebc80000,0x00000000ec480000)
 ParOldGen       total 699392K, used 284271K [0x00000000c0000000, 0x00000000eab00000, 0x00000000eab00000)
  object space 699392K, 40% used [0x00000000c0000000,0x00000000d159bed8,0x00000000eab00000)
 Metaspace       used 66823K, committed 67968K, reserved 1114112K
  class space    used 7048K, committed 7552K, reserved 1048576K
}
Event: 35.961 GC heap before
{Heap before GC invocations=184 (full 10):
 PSYoungGen      total 13312K, used 13219K [0x00000000eab00000, 0x00000000ec480000, 0x0000000100000000)
  eden space 9728K, 99% used [0x00000000eab00000,0x00000000eb468de0,0x00000000eb480000)
  from space 3584K, 99% used [0x00000000eb500000,0x00000000eb87ff70,0x00000000eb880000)
  to   space 8192K, 0% used [0x00000000ebc80000,0x00000000ebc80000,0x00000000ec480000)
 ParOldGen       total 699392K, used 284271K [0x00000000c0000000, 0x00000000eab00000, 0x00000000eab00000)
  object space 699392K, 40% used [0x00000000c0000000,0x00000000d159bed8,0x00000000eab00000)
 Metaspace       used 66870K, committed 68032K, reserved 1114112K
  class space    used 7051K, committed 7552K, reserved 1048576K
}

